2025-05-31 15:01:31,689 - __main__ - INFO - Starting GTA5 vehicles scraperService
2025-05-31 15:01:31,689 - __main__ - INFO - Scraping from all sources
2025-05-31 15:01:31,689 - scraperService - INFO - Scraping vehicles from https://www.gtabase.com/gta-5/vehicles
2025-05-31 15:01:32,610 - scraperService - ERROR - Error fetching GTA Base: 404 Client Error: Not Found for url: https://www.gtabase.com/gta-5/vehicles
2025-05-31 15:01:32,610 - scraperService - INFO - Scraping vehicles from https://gta.fandom.com/wiki/Vehicles_in_GTA_V
2025-05-31 15:01:33,262 - scraperService - INFO - Scraping details from https://gta.fandom.com/wiki/9F
2025-05-31 15:01:33,812 - scraperService - INFO - Extracted data for vehicle: 9F
2025-05-31 15:01:34,817 - scraperService - INFO - Scraping details from https://gta.fandom.com/wiki/9F_Cabrio
2025-05-31 15:01:35,494 - scraperService - INFO - Extracted data for vehicle: 9F Cabrio
2025-05-31 15:01:36,500 - scraperService - INFO - Scraping details from https://gta.fandom.com/wiki/Alpha
2025-05-31 15:01:36,972 - scraperService - INFO - Extracted data for vehicle: Alpha
2025-05-31 15:01:37,978 - scraperService - INFO - Scraping details from https://gta.fandom.com/wiki/The_Business_Update
2025-05-31 15:01:38,418 - scraperService - INFO - Extracted data for vehicle: DLC
2025-05-31 15:01:39,423 - scraperService - INFO - Scraping details from https://gta.fandom.com/wiki/Banshee_(HD_Universe)
2025-05-31 15:01:40,198 - scraperService - INFO - Extracted data for vehicle: Banshee
2025-05-31 15:01:41,203 - scraperService - INFO - Scraping details from https://gta.fandom.com/wiki/Blista_Compact
2025-05-31 15:01:43,431 - scraperService - INFO - Extracted data for vehicle: Blista Compact
2025-05-31 15:01:44,436 - scraperService - INFO - Scraping details from https://gta.fandom.com/wiki/Buffalo_(HD_Universe)
2025-05-31 15:01:46,501 - scraperService - INFO - Extracted data for vehicle: Buffalo
2025-05-31 15:01:47,506 - scraperService - INFO - Scraping details from https://gta.fandom.com/wiki/Buffalo_S
2025-05-31 15:01:48,136 - scraperService - INFO - Extracted data for vehicle: Buffalo S
2025-05-31 15:01:49,141 - scraperService - INFO - Scraping details from https://gta.fandom.com/wiki/Carbonizzare
2025-05-31 15:01:49,926 - scraperService - INFO - Extracted data for vehicle: Carbonizzare
2025-05-31 15:01:50,932 - scraperService - INFO - Scraping details from https://gta.fandom.com/wiki/Comet
2025-05-31 15:01:51,609 - scraperService - INFO - Extracted data for vehicle: Comet
2025-05-31 15:01:52,615 - scraperService - INFO - Scraping details from https://gta.fandom.com/wiki/Coquette
2025-05-31 15:01:53,133 - scraperService - INFO - Extracted data for vehicle: Coquette
2025-05-31 15:01:54,138 - scraperService - INFO - Scraping details from https://gta.fandom.com/wiki/Elegy_RH8
2025-05-31 15:01:54,709 - scraperService - INFO - Extracted data for vehicle: Elegy RH8
2025-05-31 15:01:55,714 - scraperService - INFO - Scraping details from https://gta.fandom.com/wiki/Feltzer
2025-05-31 15:01:56,550 - scraperService - INFO - Extracted data for vehicle: Feltzer
2025-05-31 15:01:57,555 - scraperService - INFO - Scraping details from https://gta.fandom.com/wiki/Furore_GT
2025-05-31 15:01:57,995 - scraperService - INFO - Extracted data for vehicle: Furore GT
2025-05-31 15:01:59,000 - scraperService - INFO - Scraping details from https://gta.fandom.com/wiki/The_Last_Team_Standing_Update
2025-05-31 15:01:59,319 - scraperService - INFO - Extracted data for vehicle: DLC
2025-05-31 15:02:00,324 - scraperService - INFO - Scraping details from https://gta.fandom.com/wiki/Fusilade
2025-05-31 15:02:00,689 - scraperService - INFO - Extracted data for vehicle: Fusilade
2025-05-31 15:02:01,695 - scraperService - INFO - Scraping details from https://gta.fandom.com/wiki/Futo
2025-05-31 15:02:02,581 - scraperService - INFO - Extracted data for vehicle: Futo
2025-05-31 15:02:03,586 - scraperService - INFO - Scraping details from https://gta.fandom.com/wiki/Go_Go_Monkey_Blista
2025-05-31 15:02:04,213 - scraperService - INFO - Extracted data for vehicle: Go Go Monkey Blista
2025-05-31 15:02:05,215 - scraperService - INFO - Scraping details from https://gta.fandom.com/wiki/Jester
2025-05-31 15:02:05,740 - scraperService - INFO - Extracted data for vehicle: Jester
2025-05-31 15:02:06,746 - scraperService - INFO - Scraping details from https://gta.fandom.com/wiki/The_Business_Update
2025-05-31 15:02:07,017 - scraperService - INFO - Extracted data for vehicle: DLC
2025-05-31 15:02:08,022 - scraperService - INFO - Scraping details from https://gta.fandom.com/wiki/Jester_(Racecar)
2025-05-31 15:02:08,490 - scraperService - INFO - Extracted data for vehicle: Jester (Racecar)
2025-05-31 15:02:09,495 - scraperService - INFO - Scraping details from https://gta.fandom.com/wiki/Festive_Surprise
2025-05-31 15:02:09,976 - scraperService - INFO - Extracted data for vehicle: DLC
2025-05-31 15:02:10,982 - scraperService - INFO - Scraping details from https://gta.fandom.com/wiki/Massacro
2025-05-31 15:02:12,679 - scraperService - INFO - Extracted data for vehicle: Massacro
2025-05-31 15:02:13,684 - scraperService - INFO - Scraping details from https://gta.fandom.com/wiki/The_High_Life_Update
2025-05-31 15:02:14,165 - scraperService - INFO - Extracted data for vehicle: DLC
2025-05-31 15:02:15,166 - scraperService - INFO - Scraping details from https://gta.fandom.com/wiki/Massacro_(Racecar)
2025-05-31 15:02:15,792 - scraperService - INFO - Extracted data for vehicle: Massacro (Racecar)
2025-05-31 15:02:16,798 - scraperService - INFO - Scraping details from https://gta.fandom.com/wiki/Festive_Surprise
2025-05-31 15:02:17,377 - scraperService - INFO - Extracted data for vehicle: DLC
2025-05-31 15:02:18,382 - scraperService - INFO - Scraping details from https://gta.fandom.com/wiki/Penumbra
2025-05-31 15:02:19,006 - scraperService - INFO - Extracted data for vehicle: Penumbra
2025-05-31 15:02:20,012 - scraperService - INFO - Scraping details from https://gta.fandom.com/wiki/Rapid_GT
2025-05-31 15:02:20,635 - scraperService - INFO - Extracted data for vehicle: Rapid GT
2025-05-31 15:02:21,640 - scraperService - INFO - Scraping details from https://gta.fandom.com/wiki/Rapid_GT_(cabrio)
2025-05-31 15:02:22,958 - scraperService - INFO - Extracted data for vehicle: Rapid GT
2025-05-31 15:02:23,963 - scraperService - INFO - Scraping details from https://gta.fandom.com/wiki/Schwartzer
2025-05-31 15:02:24,580 - scraperService - INFO - Extracted data for vehicle: Schwartzer
2025-05-31 15:02:25,586 - scraperService - INFO - Scraping details from https://gta.fandom.com/wiki/Sprunk_Buffalo
2025-05-31 15:02:26,458 - scraperService - INFO - Extracted data for vehicle: Sprunk Buffalo
2025-05-31 15:02:27,463 - scraperService - INFO - Scraping details from https://gta.fandom.com/wiki/Sultan
2025-05-31 15:02:27,913 - scraperService - INFO - Extracted data for vehicle: Sultan
2025-05-31 15:02:28,918 - scraperService - INFO - Scraping details from https://gta.fandom.com/wiki/Surano
2025-05-31 15:02:29,293 - scraperService - INFO - Extracted data for vehicle: Surano
2025-05-31 15:02:30,298 - scraperService - INFO - Scraping details from https://gta.fandom.com/wiki/Blade_(car)
2025-05-31 15:02:30,728 - scraperService - INFO - Extracted data for vehicle: Blade
2025-05-31 15:02:31,733 - scraperService - INFO - Scraping details from https://gta.fandom.com/wiki/The_%22I%27m_Not_a_Hipster%22_Update
2025-05-31 15:02:32,394 - scraperService - INFO - Extracted data for vehicle: DLC
2025-05-31 15:02:33,399 - scraperService - INFO - Scraping details from https://gta.fandom.com/wiki/Buccaneer_(HD_Universe)
2025-05-31 15:02:35,321 - scraperService - INFO - Extracted data for vehicle: Buccaneer
2025-05-31 15:02:36,327 - scraperService - INFO - Scraping details from https://gta.fandom.com/wiki/Burger_Shot_Stallion
2025-05-31 15:02:37,100 - scraperService - INFO - Extracted data for vehicle: Burger Shot Stallion
2025-05-31 15:02:38,106 - scraperService - INFO - Scraping details from https://gta.fandom.com/wiki/Chino
2025-05-31 15:02:38,892 - scraperService - INFO - Extracted data for vehicle: Chino
2025-05-31 15:02:39,897 - scraperService - INFO - Scraping details from https://gta.fandom.com/wiki/Ill-Gotten_Gains_Part_1
2025-05-31 15:02:40,485 - scraperService - INFO - Extracted data for vehicle: DLC
2025-05-31 15:02:41,490 - scraperService - INFO - Scraping details from https://gta.fandom.com/wiki/Coquette_BlackFin
2025-05-31 15:02:42,371 - scraperService - INFO - Extracted data for vehicle: Coquette BlackFin
2025-05-31 15:02:43,377 - scraperService - INFO - Scraping details from https://gta.fandom.com/wiki/Ill-Gotten_Gains_Part_1
2025-05-31 15:02:43,664 - scraperService - INFO - Extracted data for vehicle: DLC
2025-05-31 15:02:44,669 - scraperService - INFO - Scraping details from https://gta.fandom.com/wiki/Dominator
2025-05-31 15:02:45,310 - scraperService - INFO - Extracted data for vehicle: Dominator
2025-05-31 15:02:46,316 - scraperService - INFO - Scraping details from https://gta.fandom.com/wiki/Duke_O%27Death
2025-05-31 15:02:46,752 - scraperService - INFO - Extracted data for vehicle: Duke O'Death
2025-05-31 15:02:47,757 - scraperService - INFO - Scraping details from https://gta.fandom.com/wiki/Dukes_(car)
2025-05-31 15:02:48,189 - scraperService - INFO - Extracted data for vehicle: Dukes
2025-05-31 15:02:49,194 - scraperService - INFO - Scraping details from https://gta.fandom.com/wiki/Gauntlet
2025-05-31 15:02:49,638 - scraperService - INFO - Extracted data for vehicle: Gauntlet
2025-05-31 15:02:50,643 - scraperService - INFO - Scraping details from https://gta.fandom.com/wiki/Hotknife
2025-05-31 15:02:51,273 - scraperService - INFO - Extracted data for vehicle: Hotknife
2025-05-31 15:02:52,278 - scraperService - INFO - Scraping details from https://gta.fandom.com/wiki/Phoenix
2025-05-31 15:02:53,025 - scraperService - INFO - Extracted data for vehicle: Phoenix
2025-05-31 15:02:54,031 - scraperService - INFO - Scraping details from https://gta.fandom.com/wiki/Picador
2025-05-31 15:02:54,883 - scraperService - INFO - Extracted data for vehicle: Picador
2025-05-31 15:02:55,888 - scraperService - INFO - Scraping details from https://gta.fandom.com/wiki/Pi%C3%9Fwasser_Dominator
2025-05-31 15:02:56,247 - scraperService - INFO - Extracted data for vehicle: Pißwasser Dominator
2025-05-31 15:02:57,253 - scraperService - INFO - Scraping details from https://gta.fandom.com/wiki/Rat-Loader
2025-05-31 15:02:57,927 - scraperService - INFO - Extracted data for vehicle: Rat-Loader
2025-05-31 15:02:58,932 - scraperService - INFO - Scraping details from https://gta.fandom.com/wiki/Rat-Truck
2025-05-31 15:02:59,748 - scraperService - INFO - Extracted data for vehicle: Rat-Truck
2025-05-31 15:03:00,753 - scraperService - INFO - Scraping details from https://gta.fandom.com/wiki/Festive_Surprise
2025-05-31 15:03:01,298 - scraperService - INFO - Extracted data for vehicle: DLC
2025-05-31 15:03:02,303 - scraperService - INFO - Scraping details from https://gta.fandom.com/wiki/Redwood_Gauntlet
2025-05-31 15:03:02,754 - scraperService - INFO - Extracted data for vehicle: Redwood Gauntlet
2025-05-31 15:03:03,759 - scraperService - INFO - Scraping details from https://gta.fandom.com/wiki/Ruiner
2025-05-31 15:03:04,834 - scraperService - INFO - Extracted data for vehicle: Ruiner
2025-05-31 15:03:05,839 - scraperService - INFO - Scraping details from https://gta.fandom.com/wiki/Sabre_Turbo
2025-05-31 15:03:06,794 - scraperService - INFO - Extracted data for vehicle: Sabre Turbo
2025-05-31 15:03:07,800 - scraperService - INFO - Scraping details from https://gta.fandom.com/wiki/Slamvan
2025-05-31 15:03:08,396 - scraperService - INFO - Extracted data for vehicle: Slamvan
2025-05-31 15:03:09,401 - scraperService - INFO - Scraping details from https://gta.fandom.com/wiki/Festive_Surprise
2025-05-31 15:03:09,607 - scraperService - INFO - Extracted data for vehicle: DLC
2025-05-31 15:03:10,613 - scraperService - INFO - Scraping details from https://gta.fandom.com/wiki/Stallion
2025-05-31 15:03:11,060 - scraperService - INFO - Extracted data for vehicle: Stallion
2025-05-31 15:03:12,065 - scraperService - INFO - Scraping details from https://gta.fandom.com/wiki/Vigero
2025-05-31 15:03:12,554 - scraperService - INFO - Extracted data for vehicle: Vigero
2025-05-31 15:03:13,560 - scraperService - INFO - Scraping details from https://gta.fandom.com/wiki/Virgo_(HD_Universe)
2025-05-31 15:03:14,890 - scraperService - INFO - Extracted data for vehicle: Virgo
2025-05-31 15:03:15,896 - scraperService - INFO - Scraping details from https://gta.fandom.com/wiki/Ill-Gotten_Gains_Part_1
2025-05-31 15:03:16,346 - scraperService - INFO - Extracted data for vehicle: DLC
2025-05-31 15:03:17,352 - scraperService - INFO - Scraping details from https://gta.fandom.com/wiki/Voodoo_(HD_Universe)
2025-05-31 15:03:17,825 - scraperService - INFO - Extracted data for vehicle: Voodoo
2025-05-31 15:03:18,831 - scraperService - INFO - Scraping details from https://gta.fandom.com/wiki/Adder
2025-05-31 15:03:19,316 - scraperService - INFO - Extracted data for vehicle: Adder
2025-05-31 15:03:20,322 - scraperService - INFO - Scraping details from https://gta.fandom.com/wiki/Bullet
2025-05-31 15:03:21,227 - scraperService - INFO - Extracted data for vehicle: Bullet
2025-05-31 15:03:22,232 - scraperService - INFO - Scraping details from https://gta.fandom.com/wiki/Cheetah_(HD_Universe)
2025-05-31 15:03:22,638 - scraperService - INFO - Extracted data for vehicle: Cheetah
2025-05-31 15:03:23,644 - scraperService - INFO - Scraping details from https://gta.fandom.com/wiki/Entity_XF
2025-05-31 15:03:24,131 - scraperService - INFO - Extracted data for vehicle: Entity XF
2025-05-31 15:03:25,136 - scraperService - INFO - Scraping details from https://gta.fandom.com/wiki/Infernus
2025-05-31 15:03:25,925 - scraperService - INFO - Extracted data for vehicle: Infernus
2025-05-31 15:03:26,930 - scraperService - INFO - Scraping details from https://gta.fandom.com/wiki/Osiris
2025-05-31 15:03:28,254 - scraperService - INFO - Extracted data for vehicle: Osiris
2025-05-31 15:03:29,259 - scraperService - INFO - Scraping details from https://gta.fandom.com/wiki/Ill-Gotten_Gains_Part_1
2025-05-31 15:03:29,735 - scraperService - INFO - Extracted data for vehicle: DLC
2025-05-31 15:03:30,740 - scraperService - INFO - Scraping details from https://gta.fandom.com/wiki/T20
2025-05-31 15:03:31,151 - scraperService - INFO - Extracted data for vehicle: T20
2025-05-31 15:03:32,157 - scraperService - INFO - Scraping details from https://gta.fandom.com/wiki/Ill-Gotten_Gains_Part_1
2025-05-31 15:03:32,607 - scraperService - INFO - Extracted data for vehicle: DLC
2025-05-31 15:03:33,612 - scraperService - INFO - Scraping details from https://gta.fandom.com/wiki/Turismo_R
2025-05-31 15:03:34,150 - scraperService - INFO - Extracted data for vehicle: Turismo R
2025-05-31 15:03:35,155 - scraperService - INFO - Scraping details from https://gta.fandom.com/wiki/The_Business_Update
2025-05-31 15:03:35,671 - scraperService - INFO - Extracted data for vehicle: DLC
2025-05-31 15:03:36,677 - scraperService - INFO - Scraping details from https://gta.fandom.com/wiki/Vacca
2025-05-31 15:03:37,306 - scraperService - INFO - Extracted data for vehicle: Vacca
2025-05-31 15:03:38,311 - scraperService - INFO - Scraping details from https://gta.fandom.com/wiki/Voltic
2025-05-31 15:03:38,991 - scraperService - INFO - Extracted data for vehicle: Voltic
2025-05-31 15:03:39,997 - scraperService - INFO - Scraping details from https://gta.fandom.com/wiki/Zentorno
2025-05-31 15:03:40,649 - scraperService - INFO - Extracted data for vehicle: Zentorno
2025-05-31 15:03:41,654 - scraperService - INFO - Scraping details from https://gta.fandom.com/wiki/The_High_Life_Update
2025-05-31 15:03:42,001 - scraperService - INFO - Extracted data for vehicle: DLC
2025-05-31 15:03:43,004 - scraperService - INFO - Scraping details from https://gta.fandom.com/wiki/Coquette_Classic
2025-05-31 15:03:43,705 - scraperService - INFO - Extracted data for vehicle: Coquette Classic
2025-05-31 15:03:44,710 - scraperService - INFO - Scraping details from https://gta.fandom.com/wiki/The_San_Andreas_Flight_School_Update
2025-05-31 15:03:45,207 - scraperService - INFO - Extracted data for vehicle: DLC
2025-05-31 15:03:46,209 - scraperService - INFO - Scraping details from https://gta.fandom.com/wiki/JB_700
2025-05-31 15:03:46,943 - scraperService - INFO - Extracted data for vehicle: JB 700
2025-05-31 15:03:47,949 - scraperService - INFO - Scraping details from https://gta.fandom.com/wiki/Manana
2025-05-31 15:03:50,050 - scraperService - INFO - Extracted data for vehicle: Manana
2025-05-31 15:03:51,055 - scraperService - INFO - Scraping details from https://gta.fandom.com/wiki/Monroe
2025-05-31 15:03:51,840 - scraperService - INFO - Extracted data for vehicle: Monroe
2025-05-31 15:03:52,845 - scraperService - INFO - Scraping details from https://gta.fandom.com/wiki/Peyote
2025-05-31 15:03:53,278 - scraperService - INFO - Extracted data for vehicle: Peyote
2025-05-31 15:03:54,283 - scraperService - INFO - Scraping details from https://gta.fandom.com/wiki/Pigalle
2025-05-31 15:03:54,903 - scraperService - INFO - Extracted data for vehicle: Pigalle
2025-05-31 15:03:55,909 - scraperService - INFO - Scraping details from https://gta.fandom.com/wiki/The_%22I%27m_Not_a_Hipster%22_Update
2025-05-31 15:03:56,406 - scraperService - INFO - Extracted data for vehicle: DLC
2025-05-31 15:03:57,411 - scraperService - INFO - Scraping details from https://gta.fandom.com/wiki/Roosevelt
2025-05-31 15:03:57,787 - scraperService - INFO - Extracted data for vehicle: Roosevelt
2025-05-31 15:03:58,792 - scraperService - INFO - Scraping details from https://gta.fandom.com/wiki/The_Valentine%27s_Day_Massacre_Special
2025-05-31 15:03:59,424 - scraperService - INFO - Extracted data for vehicle: DLC
2025-05-31 15:04:00,430 - scraperService - INFO - Scraping details from https://gta.fandom.com/wiki/Stinger
2025-05-31 15:04:01,377 - scraperService - INFO - Extracted data for vehicle: Stinger
2025-05-31 15:04:02,383 - scraperService - INFO - Scraping details from https://gta.fandom.com/wiki/Stirling_GT
2025-05-31 15:04:03,073 - scraperService - INFO - Extracted data for vehicle: Stirling GT
2025-05-31 15:04:04,078 - scraperService - INFO - Scraping details from https://gta.fandom.com/wiki/Ill-Gotten_Gains_Part_1
2025-05-31 15:04:04,652 - scraperService - INFO - Extracted data for vehicle: DLC
2025-05-31 15:04:05,658 - scraperService - INFO - Scraping details from https://gta.fandom.com/wiki/Tornado
2025-05-31 15:04:06,253 - scraperService - INFO - Extracted data for vehicle: Tornado
2025-05-31 15:04:07,258 - scraperService - INFO - Scraping details from https://gta.fandom.com/wiki/Tornado_(cabrio)
2025-05-31 15:04:07,997 - scraperService - INFO - Extracted data for vehicle: Tornado
2025-05-31 15:04:09,002 - scraperService - INFO - Scraping details from https://gta.fandom.com/wiki/Tornado_(beater)
2025-05-31 15:04:09,425 - scraperService - INFO - Extracted data for vehicle: Tornado
2025-05-31 15:04:10,431 - scraperService - INFO - Scraping details from https://gta.fandom.com/wiki/Tornado_(Mariachi)
2025-05-31 15:04:10,978 - scraperService - INFO - Extracted data for vehicle: Tornado
2025-05-31 15:04:11,983 - scraperService - INFO - Scraping details from https://gta.fandom.com/wiki/Z-Type
2025-05-31 15:04:13,506 - scraperService - INFO - Extracted data for vehicle: Z-Type
2025-05-31 15:04:14,511 - scraperService - INFO - Scraping details from https://gta.fandom.com/wiki/Asea
2025-05-31 15:04:15,200 - scraperService - INFO - Extracted data for vehicle: Asea
2025-05-31 15:04:16,205 - scraperService - INFO - Scraping details from https://gta.fandom.com/wiki/Asea_(snow)
2025-05-31 15:04:17,013 - scraperService - INFO - Extracted data for vehicle: Asea (snow)
2025-05-31 15:04:18,018 - scraperService - INFO - Scraping details from https://gta.fandom.com/wiki/Asterope
2025-05-31 15:04:19,724 - scraperService - INFO - Extracted data for vehicle: Asterope
2025-05-31 15:04:20,730 - scraperService - INFO - Scraping details from https://gta.fandom.com/wiki/Emperor_(car)
2025-05-31 15:04:21,351 - scraperService - INFO - Extracted data for vehicle: Emperor
2025-05-31 15:04:22,357 - scraperService - INFO - Scraping details from https://gta.fandom.com/wiki/Emperor_(beater)
2025-05-31 15:04:23,106 - scraperService - INFO - Extracted data for vehicle: Emperor
2025-05-31 15:04:24,111 - scraperService - INFO - Scraping details from https://gta.fandom.com/wiki/Emperor_(snow)
2025-05-31 15:04:24,854 - scraperService - INFO - Extracted data for vehicle: Emperor
2025-05-31 15:04:25,859 - scraperService - INFO - Scraping details from https://gta.fandom.com/wiki/Fugitive
2025-05-31 15:04:27,263 - scraperService - INFO - Extracted data for vehicle: Fugitive
2025-05-31 15:04:28,269 - scraperService - INFO - Scraping details from https://gta.fandom.com/wiki/Glendale_(HD_Universe)
2025-05-31 15:04:28,752 - scraperService - INFO - Extracted data for vehicle: Glendale
2025-05-31 15:04:29,757 - scraperService - INFO - Scraping details from https://gta.fandom.com/wiki/The_%22I%27m_Not_a_Hipster%22_Update
2025-05-31 15:04:30,365 - scraperService - INFO - Extracted data for vehicle: DLC
2025-05-31 15:04:31,366 - scraperService - INFO - Scraping details from https://gta.fandom.com/wiki/Ingot
2025-05-31 15:04:32,038 - scraperService - INFO - Extracted data for vehicle: Ingot
2025-05-31 15:04:33,043 - scraperService - INFO - Scraping details from https://gta.fandom.com/wiki/Intruder_(HD_Universe)
2025-05-31 15:04:33,759 - scraperService - INFO - Extracted data for vehicle: Intruder
2025-05-31 15:04:34,764 - scraperService - INFO - Scraping details from https://gta.fandom.com/wiki/Premier
2025-05-31 15:04:35,539 - scraperService - INFO - Extracted data for vehicle: Premier
2025-05-31 15:04:36,542 - scraperService - INFO - Scraping details from https://gta.fandom.com/wiki/Primo
2025-05-31 15:04:37,613 - scraperService - INFO - Extracted data for vehicle: Primo
2025-05-31 15:04:38,618 - scraperService - INFO - Scraping details from https://gta.fandom.com/wiki/Regina
2025-05-31 15:04:39,427 - scraperService - INFO - Extracted data for vehicle: Regina
2025-05-31 15:04:40,433 - scraperService - INFO - Scraping details from https://gta.fandom.com/wiki/Romero_Hearse
2025-05-31 15:04:41,151 - scraperService - INFO - Extracted data for vehicle: Romero Hearse
2025-05-31 15:04:42,157 - scraperService - INFO - Scraping details from https://gta.fandom.com/wiki/Schafter_(second_generation)
2025-05-31 15:04:43,983 - scraperService - INFO - Extracted data for vehicle: Schafter
2025-05-31 15:04:44,988 - scraperService - INFO - Scraping details from https://gta.fandom.com/wiki/Stanier
2025-05-31 15:04:45,655 - scraperService - INFO - Extracted data for vehicle: Stanier
2025-05-31 15:04:46,662 - scraperService - INFO - Scraping details from https://gta.fandom.com/wiki/Stratum
2025-05-31 15:04:47,331 - scraperService - INFO - Extracted data for vehicle: Stratum
2025-05-31 15:04:48,338 - scraperService - INFO - Scraping details from https://gta.fandom.com/wiki/Stretch
2025-05-31 15:04:49,077 - scraperService - INFO - Extracted data for vehicle: Stretch
2025-05-31 15:04:50,083 - scraperService - INFO - Scraping details from https://gta.fandom.com/wiki/Super_Diamond
2025-05-31 15:04:50,865 - scraperService - INFO - Extracted data for vehicle: Super Diamond
2025-05-31 15:04:51,871 - scraperService - INFO - Scraping details from https://gta.fandom.com/wiki/Surge
2025-05-31 15:04:52,508 - scraperService - INFO - Extracted data for vehicle: Surge
2025-05-31 15:04:53,514 - scraperService - INFO - Scraping details from https://gta.fandom.com/wiki/Tailgater
2025-05-31 15:04:54,469 - scraperService - INFO - Extracted data for vehicle: Tailgater
2025-05-31 15:04:55,475 - scraperService - INFO - Scraping details from https://gta.fandom.com/wiki/Warrener
2025-05-31 15:04:57,124 - scraperService - INFO - Extracted data for vehicle: Warrener
2025-05-31 15:04:58,130 - scraperService - INFO - Scraping details from https://gta.fandom.com/wiki/The_%22I%27m_Not_a_Hipster%22_Update
2025-05-31 15:04:58,283 - scraperService - INFO - Extracted data for vehicle: DLC
2025-05-31 15:04:59,289 - scraperService - INFO - Scraping details from https://gta.fandom.com/wiki/Washington
2025-05-31 15:05:01,905 - scraperService - INFO - Extracted data for vehicle: Washington
2025-05-31 15:05:02,911 - scraperService - INFO - Scraping details from https://gta.fandom.com/wiki/Baller
2025-05-31 15:05:03,555 - scraperService - INFO - Extracted data for vehicle: Baller
2025-05-31 15:05:04,561 - scraperService - INFO - Scraping details from https://gta.fandom.com/wiki/Baller_(second_generation)
2025-05-31 15:05:06,395 - scraperService - INFO - Extracted data for vehicle: Baller
2025-05-31 15:05:07,401 - scraperService - INFO - Scraping details from https://gta.fandom.com/wiki/BeeJay_XL
2025-05-31 15:05:08,672 - scraperService - INFO - Extracted data for vehicle: BeeJay XL
2025-05-31 15:05:09,678 - scraperService - INFO - Scraping details from https://gta.fandom.com/wiki/Cavalcade
2025-05-31 15:05:10,451 - scraperService - INFO - Extracted data for vehicle: Cavalcade
2025-05-31 15:05:11,456 - scraperService - INFO - Scraping details from https://gta.fandom.com/wiki/Cavalcade_(second_generation)
2025-05-31 15:05:12,184 - scraperService - INFO - Extracted data for vehicle: Cavalcade
2025-05-31 15:05:13,190 - scraperService - INFO - Scraping details from https://gta.fandom.com/wiki/Dubsta
2025-05-31 15:05:14,016 - scraperService - INFO - Extracted data for vehicle: Dubsta
2025-05-31 15:05:15,021 - scraperService - INFO - Scraping details from https://gta.fandom.com/wiki/Dubsta_(custom)
2025-05-31 15:05:15,777 - scraperService - INFO - Extracted data for vehicle: Dubsta
2025-05-31 15:05:16,782 - scraperService - INFO - Scraping details from https://gta.fandom.com/wiki/FQ_2
2025-05-31 15:05:18,086 - scraperService - INFO - Extracted data for vehicle: FQ 2
2025-05-31 15:05:19,092 - scraperService - INFO - Scraping details from https://gta.fandom.com/wiki/Granger
2025-05-31 15:05:20,596 - scraperService - INFO - Extracted data for vehicle: Granger
2025-05-31 15:05:21,602 - scraperService - INFO - Scraping details from https://gta.fandom.com/wiki/Gresley
2025-05-31 15:05:23,106 - scraperService - INFO - Extracted data for vehicle: Gresley
2025-05-31 15:05:24,111 - scraperService - INFO - Scraping details from https://gta.fandom.com/wiki/Habanero
2025-05-31 15:05:24,865 - scraperService - INFO - Extracted data for vehicle: Habanero
2025-05-31 15:05:25,870 - scraperService - INFO - Scraping details from https://gta.fandom.com/wiki/Huntley_S
2025-05-31 15:05:27,522 - scraperService - INFO - Extracted data for vehicle: Huntley S
2025-05-31 15:05:28,528 - scraperService - INFO - Scraping details from https://gta.fandom.com/wiki/The_High_Life_Update
2025-05-31 15:05:28,715 - scraperService - INFO - Extracted data for vehicle: DLC
2025-05-31 15:05:29,720 - scraperService - INFO - Scraping details from https://gta.fandom.com/wiki/Landstalker
2025-05-31 15:05:32,006 - scraperService - INFO - Extracted data for vehicle: Landstalker
2025-05-31 15:05:33,012 - scraperService - INFO - Scraping details from https://gta.fandom.com/wiki/Mesa_Grande
2025-05-31 15:05:35,057 - scraperService - INFO - Extracted data for vehicle: Mesa
2025-05-31 15:05:36,062 - scraperService - INFO - Scraping details from https://gta.fandom.com/wiki/Mesa_(snow)
2025-05-31 15:05:36,387 - scraperService - INFO - Extracted data for vehicle: Mesa
2025-05-31 15:05:37,392 - scraperService - INFO - Scraping details from https://gta.fandom.com/wiki/Patriot
2025-05-31 15:05:38,105 - scraperService - INFO - Extracted data for vehicle: Patriot
2025-05-31 15:05:39,110 - scraperService - INFO - Scraping details from https://gta.fandom.com/wiki/Radius
2025-05-31 15:05:40,651 - scraperService - INFO - Extracted data for vehicle: Radius
2025-05-31 15:05:41,657 - scraperService - INFO - Scraping details from https://gta.fandom.com/wiki/Rocoto
2025-05-31 15:05:42,006 - scraperService - INFO - Extracted data for vehicle: Rocoto
2025-05-31 15:05:43,007 - scraperService - INFO - Scraping details from https://gta.fandom.com/wiki/Seminole
2025-05-31 15:05:44,308 - scraperService - INFO - Extracted data for vehicle: Seminole
2025-05-31 15:05:45,314 - scraperService - INFO - Scraping details from https://gta.fandom.com/wiki/Serrano
2025-05-31 15:05:47,111 - scraperService - INFO - Extracted data for vehicle: Serrano
2025-05-31 15:05:48,117 - scraperService - INFO - Scraping details from https://gta.fandom.com/wiki/Blista
2025-05-31 15:05:48,538 - scraperService - INFO - Extracted data for vehicle: Blista
2025-05-31 15:05:49,543 - scraperService - INFO - Scraping details from https://gta.fandom.com/wiki/Dilettante
2025-05-31 15:05:50,262 - scraperService - INFO - Extracted data for vehicle: Dilettante
2025-05-31 15:05:51,267 - scraperService - INFO - Scraping details from https://gta.fandom.com/wiki/Dilettante_(Merryweather)
2025-05-31 15:05:51,677 - scraperService - INFO - Extracted data for vehicle: Dilettante
2025-05-31 15:05:52,682 - scraperService - INFO - Scraping details from https://gta.fandom.com/wiki/Issi
2025-05-31 15:05:53,322 - scraperService - INFO - Extracted data for vehicle: Issi
2025-05-31 15:05:54,328 - scraperService - INFO - Scraping details from https://gta.fandom.com/wiki/Panto
2025-05-31 15:05:55,170 - scraperService - INFO - Extracted data for vehicle: Panto
2025-05-31 15:05:56,173 - scraperService - INFO - Scraping details from https://gta.fandom.com/wiki/The_%22I%27m_Not_a_Hipster%22_Update
2025-05-31 15:05:56,360 - scraperService - INFO - Extracted data for vehicle: DLC
2025-05-31 15:05:57,365 - scraperService - INFO - Scraping details from https://gta.fandom.com/wiki/Prairie
2025-05-31 15:05:58,208 - scraperService - INFO - Extracted data for vehicle: Prairie
2025-05-31 15:05:59,214 - scraperService - INFO - Scraping details from https://gta.fandom.com/wiki/Rhapsody
2025-05-31 15:05:59,654 - scraperService - INFO - Extracted data for vehicle: Rhapsody
2025-05-31 15:06:00,657 - scraperService - INFO - Scraping details from https://gta.fandom.com/wiki/The_%22I%27m_Not_a_Hipster%22_Update
2025-05-31 15:06:00,926 - scraperService - INFO - Extracted data for vehicle: DLC
2025-05-31 15:06:01,932 - scraperService - INFO - Scraping details from https://gta.fandom.com/wiki/Cognoscenti_Cabrio
2025-05-31 15:06:02,776 - scraperService - INFO - Extracted data for vehicle: Cognoscenti Cabrio
2025-05-31 15:06:03,782 - scraperService - INFO - Scraping details from https://gta.fandom.com/wiki/Exemplar
2025-05-31 15:06:04,541 - scraperService - INFO - Extracted data for vehicle: Exemplar
2025-05-31 15:06:05,546 - scraperService - INFO - Scraping details from https://gta.fandom.com/wiki/F620
2025-05-31 15:06:07,277 - scraperService - INFO - Extracted data for vehicle: F620
2025-05-31 15:06:08,283 - scraperService - INFO - Scraping details from https://gta.fandom.com/wiki/Felon
2025-05-31 15:06:08,929 - scraperService - INFO - Extracted data for vehicle: Felon
2025-05-31 15:06:09,934 - scraperService - INFO - Scraping details from https://gta.fandom.com/wiki/Felon_GT
2025-05-31 15:06:10,303 - scraperService - INFO - Extracted data for vehicle: Felon GT
2025-05-31 15:06:11,308 - scraperService - INFO - Scraping details from https://gta.fandom.com/wiki/Jackal
2025-05-31 15:06:11,882 - scraperService - INFO - Extracted data for vehicle: Jackal
2025-05-31 15:06:12,887 - scraperService - INFO - Scraping details from https://gta.fandom.com/wiki/Oracle
2025-05-31 15:06:13,342 - scraperService - INFO - Extracted data for vehicle: Oracle
2025-05-31 15:06:14,348 - scraperService - INFO - Scraping details from https://gta.fandom.com/wiki/Oracle_XS
2025-05-31 15:06:15,082 - scraperService - INFO - Extracted data for vehicle: Oracle XS
2025-05-31 15:06:16,087 - scraperService - INFO - Scraping details from https://gta.fandom.com/wiki/Sentinel
2025-05-31 15:06:16,809 - scraperService - INFO - Extracted data for vehicle: Sentinel
2025-05-31 15:06:17,815 - scraperService - INFO - Scraping details from https://gta.fandom.com/wiki/Sentinel_XS
2025-05-31 15:06:18,505 - scraperService - INFO - Extracted data for vehicle: Sentinel XS
2025-05-31 15:06:19,511 - scraperService - INFO - Scraping details from https://gta.fandom.com/wiki/Windsor
2025-05-31 15:06:19,942 - scraperService - INFO - Extracted data for vehicle: Windsor
2025-05-31 15:06:20,948 - scraperService - INFO - Scraping details from https://gta.fandom.com/wiki/Ill-Gotten_Gains_Part_1
2025-05-31 15:06:21,449 - scraperService - INFO - Extracted data for vehicle: DLC
2025-05-31 15:06:22,454 - scraperService - INFO - Scraping details from https://gta.fandom.com/wiki/Zion
2025-05-31 15:06:23,075 - scraperService - INFO - Extracted data for vehicle: Zion
2025-05-31 15:06:24,080 - scraperService - INFO - Scraping details from https://gta.fandom.com/wiki/Zion_Cabrio
2025-05-31 15:06:24,461 - scraperService - INFO - Extracted data for vehicle: Zion Cabrio
2025-05-31 15:06:25,466 - scraperService - INFO - Scraping details from https://gta.fandom.com/wiki/Akuma
2025-05-31 15:06:27,180 - scraperService - INFO - Extracted data for vehicle: Akuma
2025-05-31 15:06:28,185 - scraperService - INFO - Scraping details from https://gta.fandom.com/wiki/Bagger
2025-05-31 15:06:29,834 - scraperService - INFO - Extracted data for vehicle: Bagger
2025-05-31 15:06:30,839 - scraperService - INFO - Scraping details from https://gta.fandom.com/wiki/Bati_801
2025-05-31 15:06:31,989 - scraperService - INFO - Extracted data for vehicle: Bati 801
2025-05-31 15:06:32,995 - scraperService - INFO - Scraping details from https://gta.fandom.com/wiki/Bati_801RR
2025-05-31 15:06:33,976 - scraperService - INFO - Extracted data for vehicle: Bati 801RR
2025-05-31 15:06:34,981 - scraperService - INFO - Scraping details from https://gta.fandom.com/wiki/Carbon_RS
2025-05-31 15:06:35,830 - scraperService - INFO - Extracted data for vehicle: Carbon RS
2025-05-31 15:06:36,836 - scraperService - INFO - Scraping details from https://gta.fandom.com/wiki/Daemon
2025-05-31 15:06:37,334 - scraperService - INFO - Extracted data for vehicle: Daemon
2025-05-31 15:06:38,340 - scraperService - INFO - Scraping details from https://gta.fandom.com/wiki/Double_T
2025-05-31 15:06:38,916 - scraperService - INFO - Extracted data for vehicle: Double T
2025-05-31 15:06:39,922 - scraperService - INFO - Scraping details from https://gta.fandom.com/wiki/Faggio
2025-05-31 15:06:40,956 - scraperService - INFO - Extracted data for vehicle: Faggio
2025-05-31 15:06:41,961 - scraperService - INFO - Scraping details from https://gta.fandom.com/wiki/Hakuchou
2025-05-31 15:06:42,623 - scraperService - INFO - Extracted data for vehicle: Hakuchou
2025-05-31 15:06:43,628 - scraperService - INFO - Scraping details from https://gta.fandom.com/wiki/The_Last_Team_Standing_Update
2025-05-31 15:06:44,116 - scraperService - INFO - Extracted data for vehicle: DLC
2025-05-31 15:06:45,122 - scraperService - INFO - Scraping details from https://gta.fandom.com/wiki/Hexer
2025-05-31 15:06:45,683 - scraperService - INFO - Extracted data for vehicle: Hexer
2025-05-31 15:06:46,688 - scraperService - INFO - Scraping details from https://gta.fandom.com/wiki/Innovation
2025-05-31 15:06:47,283 - scraperService - INFO - Extracted data for vehicle: Innovation
2025-05-31 15:06:48,288 - scraperService - INFO - Scraping details from https://gta.fandom.com/wiki/The_Last_Team_Standing_Update
2025-05-31 15:06:48,566 - scraperService - INFO - Extracted data for vehicle: DLC
2025-05-31 15:06:49,572 - scraperService - INFO - Scraping details from https://gta.fandom.com/wiki/Nemesis
2025-05-31 15:06:50,277 - scraperService - INFO - Extracted data for vehicle: Nemesis
2025-05-31 15:06:51,282 - scraperService - INFO - Scraping details from https://gta.fandom.com/wiki/PCJ_600
2025-05-31 15:06:53,230 - scraperService - INFO - Extracted data for vehicle: PCJ 600
2025-05-31 15:06:54,236 - scraperService - INFO - Scraping details from https://gta.fandom.com/wiki/Ruffian
2025-05-31 15:06:54,650 - scraperService - INFO - Extracted data for vehicle: Ruffian
2025-05-31 15:06:55,655 - scraperService - INFO - Scraping details from https://gta.fandom.com/wiki/Sanchez
2025-05-31 15:06:56,414 - scraperService - INFO - Extracted data for vehicle: Sanchez
2025-05-31 15:06:57,419 - scraperService - INFO - Scraping details from https://gta.fandom.com/wiki/Sovereign
2025-05-31 15:06:57,961 - scraperService - INFO - Extracted data for vehicle: Sovereign
2025-05-31 15:06:58,967 - scraperService - INFO - Scraping details from https://gta.fandom.com/wiki/The_Independence_Day_Special
2025-05-31 15:06:59,397 - scraperService - INFO - Extracted data for vehicle: DLC
2025-05-31 15:07:00,402 - scraperService - INFO - Scraping details from https://gta.fandom.com/wiki/Thrust
2025-05-31 15:07:01,632 - scraperService - INFO - Extracted data for vehicle: Thrust
2025-05-31 15:07:02,638 - scraperService - INFO - Scraping details from https://gta.fandom.com/wiki/The_High_Life_Update
2025-05-31 15:07:02,794 - scraperService - INFO - Extracted data for vehicle: DLC
2025-05-31 15:07:03,799 - scraperService - INFO - Scraping details from https://gta.fandom.com/wiki/Vader
2025-05-31 15:07:04,351 - scraperService - INFO - Extracted data for vehicle: Vader
2025-05-31 15:07:05,357 - scraperService - INFO - Scraping details from https://gta.fandom.com/wiki/Vindicator
2025-05-31 15:07:06,890 - scraperService - INFO - Extracted data for vehicle: Vindicator
2025-05-31 15:07:07,896 - scraperService - INFO - Scraping details from https://gta.fandom.com/wiki/Ill-Gotten_Gains_Part_1
2025-05-31 15:07:08,042 - scraperService - INFO - Extracted data for vehicle: DLC
2025-05-31 15:07:09,047 - scraperService - INFO - Scraping details from https://gta.fandom.com/wiki/Bifta
2025-05-31 15:07:10,676 - scraperService - INFO - Extracted data for vehicle: Bifta
2025-05-31 15:07:11,681 - scraperService - INFO - Scraping details from https://gta.fandom.com/wiki/Beach_Bum_Update
2025-05-31 15:07:12,491 - scraperService - INFO - Extracted data for vehicle: DLC
2025-05-31 15:07:13,497 - scraperService - INFO - Scraping details from https://gta.fandom.com/wiki/Blazer
2025-05-31 15:07:14,110 - scraperService - INFO - Extracted data for vehicle: Blazer
2025-05-31 15:07:15,115 - scraperService - INFO - Scraping details from https://gta.fandom.com/wiki/Blazer_Lifeguard
2025-05-31 15:07:16,401 - scraperService - INFO - Extracted data for vehicle: Blazer Lifeguard
2025-05-31 15:07:17,406 - scraperService - INFO - Scraping details from https://gta.fandom.com/wiki/Bodhi
2025-05-31 15:07:18,265 - scraperService - INFO - Extracted data for vehicle: Bodhi
2025-05-31 15:07:19,270 - scraperService - INFO - Scraping details from https://gta.fandom.com/wiki/Brawler
2025-05-31 15:07:19,744 - scraperService - INFO - Extracted data for vehicle: Brawler
2025-05-31 15:07:20,749 - scraperService - INFO - Scraping details from https://gta.fandom.com/wiki/Ill-Gotten_Gains_Part_1
2025-05-31 15:07:20,918 - scraperService - INFO - Extracted data for vehicle: DLC
2025-05-31 15:07:21,923 - scraperService - INFO - Scraping details from https://gta.fandom.com/wiki/Dubsta_6x6
2025-05-31 15:07:22,535 - scraperService - INFO - Extracted data for vehicle: Dubsta 6x6
2025-05-31 15:07:23,540 - scraperService - INFO - Scraping details from https://gta.fandom.com/wiki/The_%22I%27m_Not_a_Hipster%22_Update
2025-05-31 15:07:24,040 - scraperService - INFO - Extracted data for vehicle: DLC
2025-05-31 15:07:25,045 - scraperService - INFO - Scraping details from https://gta.fandom.com/wiki/Dune_Buggy
2025-05-31 15:07:25,535 - scraperService - INFO - Extracted data for vehicle: Dune Buggy
2025-05-31 15:07:26,540 - scraperService - INFO - Scraping details from https://gta.fandom.com/wiki/Duneloader
2025-05-31 15:07:27,920 - scraperService - INFO - Extracted data for vehicle: Duneloader
2025-05-31 15:07:28,925 - scraperService - INFO - Scraping details from https://gta.fandom.com/wiki/Hot_Rod_Blazer
2025-05-31 15:07:29,495 - scraperService - INFO - Extracted data for vehicle: Hot Rod Blazer
2025-05-31 15:07:30,501 - scraperService - INFO - Scraping details from https://gta.fandom.com/wiki/Injection
2025-05-31 15:07:31,219 - scraperService - INFO - Extracted data for vehicle: Injection
2025-05-31 15:07:32,223 - scraperService - INFO - Scraping details from https://gta.fandom.com/wiki/Kalahari
2025-05-31 15:07:33,622 - scraperService - INFO - Extracted data for vehicle: Kalahari
2025-05-31 15:07:34,627 - scraperService - INFO - Scraping details from https://gta.fandom.com/wiki/Beach_Bum_Update
2025-05-31 15:07:34,882 - scraperService - INFO - Extracted data for vehicle: DLC
2025-05-31 15:07:35,888 - scraperService - INFO - Scraping details from https://gta.fandom.com/wiki/Marshall
2025-05-31 15:07:36,558 - scraperService - INFO - Extracted data for vehicle: Marshall
2025-05-31 15:07:37,563 - scraperService - INFO - Scraping details from https://gta.fandom.com/wiki/Mesa_(off-road)
2025-05-31 15:07:38,251 - scraperService - INFO - Extracted data for vehicle: Mesa
2025-05-31 15:07:39,253 - scraperService - INFO - Scraping details from https://gta.fandom.com/wiki/Rancher_XL
2025-05-31 15:07:39,929 - scraperService - INFO - Extracted data for vehicle: Rancher XL
2025-05-31 15:07:40,934 - scraperService - INFO - Scraping details from https://gta.fandom.com/wiki/Rancher_XL_(snow)
2025-05-31 15:07:41,543 - scraperService - INFO - Extracted data for vehicle: Rancher XL
2025-05-31 15:07:42,548 - scraperService - INFO - Scraping details from https://gta.fandom.com/wiki/Rebel
2025-05-31 15:07:43,047 - scraperService - INFO - Extracted data for vehicle: Rebel
2025-05-31 15:07:44,052 - scraperService - INFO - Scraping details from https://gta.fandom.com/wiki/Rusty_Rebel
2025-05-31 15:07:45,594 - scraperService - INFO - Extracted data for vehicle: Rusty Rebel
2025-05-31 15:07:46,599 - scraperService - INFO - Scraping details from https://gta.fandom.com/wiki/Sandking_SWB
2025-05-31 15:07:47,232 - scraperService - INFO - Extracted data for vehicle: Sandking SWB
2025-05-31 15:07:48,238 - scraperService - INFO - Scraping details from https://gta.fandom.com/wiki/Sandking_XL
2025-05-31 15:07:49,008 - scraperService - INFO - Extracted data for vehicle: Sandking XL
2025-05-31 15:07:50,014 - scraperService - INFO - Scraping details from https://gta.fandom.com/wiki/Space_Docker
2025-05-31 15:07:50,651 - scraperService - INFO - Extracted data for vehicle: Space Docker
2025-05-31 15:07:51,656 - scraperService - INFO - Scraping details from https://gta.fandom.com/wiki/The_Liberator
2025-05-31 15:07:52,560 - scraperService - INFO - Extracted data for vehicle: Liberator
2025-05-31 15:07:53,566 - scraperService - INFO - Scraping details from https://gta.fandom.com/wiki/The_Independence_Day_Special
2025-05-31 15:07:53,991 - scraperService - INFO - Extracted data for vehicle: DLC
2025-05-31 15:07:54,996 - scraperService - INFO - Scraping details from https://gta.fandom.com/wiki/BMX_(HD_Universe)
2025-05-31 15:07:55,425 - scraperService - INFO - Extracted data for vehicle: BMX
2025-05-31 15:07:56,431 - scraperService - INFO - Scraping details from https://gta.fandom.com/wiki/Cruiser_(bike)
2025-05-31 15:07:57,881 - scraperService - INFO - Extracted data for vehicle: Cruiser
2025-05-31 15:07:58,887 - scraperService - INFO - Scraping details from https://gta.fandom.com/wiki/Endurex_Race_Bike
2025-05-31 15:07:59,982 - scraperService - INFO - Extracted data for vehicle: Endurex Race Bike
2025-05-31 15:08:00,988 - scraperService - INFO - Scraping details from https://gta.fandom.com/wiki/Fixter
2025-05-31 15:08:01,958 - scraperService - INFO - Extracted data for vehicle: Fixter
2025-05-31 15:08:02,964 - scraperService - INFO - Scraping details from https://gta.fandom.com/wiki/Scorcher
2025-05-31 15:08:04,271 - scraperService - INFO - Extracted data for vehicle: Scorcher
2025-05-31 15:08:05,276 - scraperService - INFO - Scraping details from https://gta.fandom.com/wiki/Tri-Cycles_Race_Bike
2025-05-31 15:08:05,846 - scraperService - INFO - Extracted data for vehicle: Tri-Cycles Race Bike
2025-05-31 15:08:06,851 - scraperService - INFO - Scraping details from https://gta.fandom.com/wiki/Whippet_Race_Bike
2025-05-31 15:08:08,061 - scraperService - INFO - Extracted data for vehicle: Whippet Race Bike
2025-05-31 15:08:09,066 - scraperService - INFO - Scraping details from https://gta.fandom.com/wiki/Bison
2025-05-31 15:08:09,515 - scraperService - INFO - Extracted data for vehicle: Bison
2025-05-31 15:08:10,520 - scraperService - INFO - Scraping details from https://gta.fandom.com/wiki/Bison_(McGill-Olsen)
2025-05-31 15:08:10,912 - scraperService - INFO - Extracted data for vehicle: Bison
2025-05-31 15:08:11,918 - scraperService - INFO - Scraping details from https://gta.fandom.com/wiki/Bison_(The_Mighty_Bush)
2025-05-31 15:08:12,524 - scraperService - INFO - Extracted data for vehicle: Bison
2025-05-31 15:08:13,529 - scraperService - INFO - Scraping details from https://gta.fandom.com/wiki/Bobcat_XL
2025-05-31 15:08:14,175 - scraperService - INFO - Extracted data for vehicle: Bobcat XL
2025-05-31 15:08:15,180 - scraperService - INFO - Scraping details from https://gta.fandom.com/wiki/Boxville_(HD_Universe)
2025-05-31 15:08:15,641 - scraperService - INFO - Extracted data for vehicle: Boxville
2025-05-31 15:08:16,646 - scraperService - INFO - Scraping details from https://gta.fandom.com/wiki/Boxville_(utility)
2025-05-31 15:08:17,525 - scraperService - INFO - Extracted data for vehicle: Boxville
2025-05-31 15:08:18,531 - scraperService - INFO - Scraping details from https://gta.fandom.com/wiki/Boxville_(Humane_Labs)
2025-05-31 15:08:18,958 - scraperService - INFO - Extracted data for vehicle: Boxville
2025-05-31 15:08:19,963 - scraperService - INFO - Scraping details from https://gta.fandom.com/wiki/Burrito
2025-05-31 15:08:21,007 - scraperService - INFO - Extracted data for vehicle: Burrito
2025-05-31 15:08:22,010 - scraperService - INFO - Scraping details from https://gta.fandom.com/wiki/Bugstars_Burrito
2025-05-31 15:08:22,362 - scraperService - INFO - Extracted data for vehicle: Bugstars Burrito
2025-05-31 15:08:23,368 - scraperService - INFO - Scraping details from https://gta.fandom.com/wiki/Burrito_(second_generation)
2025-05-31 15:08:24,203 - scraperService - INFO - Extracted data for vehicle: Burrito
2025-05-31 15:08:25,206 - scraperService - INFO - Scraping details from https://gta.fandom.com/wiki/Burrito_(snow)
2025-05-31 15:08:25,749 - scraperService - INFO - Extracted data for vehicle: Burrito
2025-05-31 15:08:26,754 - scraperService - INFO - Scraping details from https://gta.fandom.com/wiki/Camper_(HD_Universe)
2025-05-31 15:08:28,152 - scraperService - INFO - Extracted data for vehicle: Camper
2025-05-31 15:08:29,158 - scraperService - INFO - Scraping details from https://gta.fandom.com/wiki/Clown_Van
2025-05-31 15:08:30,530 - scraperService - INFO - Extracted data for vehicle: Clown Van
2025-05-31 15:08:31,535 - scraperService - INFO - Scraping details from https://gta.fandom.com/wiki/Gang_Burrito
2025-05-31 15:08:31,981 - scraperService - INFO - Extracted data for vehicle: Gang Burrito
2025-05-31 15:08:32,986 - scraperService - INFO - Scraping details from https://gta.fandom.com/wiki/Journey
2025-05-31 15:08:33,826 - scraperService - INFO - Extracted data for vehicle: Journey
2025-05-31 15:08:34,831 - scraperService - INFO - Scraping details from https://gta.fandom.com/wiki/Minivan
2025-05-31 15:08:35,482 - scraperService - INFO - Extracted data for vehicle: Minivan
2025-05-31 15:08:36,487 - scraperService - INFO - Scraping details from https://gta.fandom.com/wiki/Paradise
2025-05-31 15:08:37,869 - scraperService - INFO - Extracted data for vehicle: Paradise
2025-05-31 15:08:38,875 - scraperService - INFO - Scraping details from https://gta.fandom.com/wiki/Beach_Bum_Update
2025-05-31 15:08:39,326 - scraperService - INFO - Extracted data for vehicle: DLC
2025-05-31 15:08:40,331 - scraperService - INFO - Scraping details from https://gta.fandom.com/wiki/Pony
2025-05-31 15:08:41,160 - scraperService - INFO - Extracted data for vehicle: Pony
2025-05-31 15:08:42,166 - scraperService - INFO - Scraping details from https://gta.fandom.com/wiki/Pony_(Smoke_On_The_Water)
2025-05-31 15:08:42,726 - scraperService - INFO - Extracted data for vehicle: Pony
2025-05-31 15:08:43,731 - scraperService - INFO - Scraping details from https://gta.fandom.com/wiki/Rumpo
2025-05-31 15:08:44,501 - scraperService - INFO - Extracted data for vehicle: Rumpo
2025-05-31 15:08:45,505 - scraperService - INFO - Scraping details from https://gta.fandom.com/wiki/Rumpo_(Deludamol)
2025-05-31 15:08:45,931 - scraperService - INFO - Extracted data for vehicle: Rumpo
2025-05-31 15:08:46,936 - scraperService - INFO - Scraping details from https://gta.fandom.com/wiki/Speedo
2025-05-31 15:08:48,694 - scraperService - INFO - Extracted data for vehicle: Speedo
2025-05-31 15:08:49,700 - scraperService - INFO - Scraping details from https://gta.fandom.com/wiki/Surfer
2025-05-31 15:08:50,619 - scraperService - INFO - Extracted data for vehicle: Surfer
2025-05-31 15:08:51,625 - scraperService - INFO - Scraping details from https://gta.fandom.com/wiki/Taco_Van
2025-05-31 15:08:52,420 - scraperService - INFO - Extracted data for vehicle: Taco Van
2025-05-31 15:08:53,425 - scraperService - INFO - Scraping details from https://gta.fandom.com/wiki/Youga
2025-05-31 15:08:53,918 - scraperService - INFO - Extracted data for vehicle: Youga
2025-05-31 15:08:54,924 - scraperService - INFO - Scraping details from https://gta.fandom.com/wiki/Airtug
2025-05-31 15:08:55,818 - scraperService - INFO - Extracted data for vehicle: Airtug
2025-05-31 15:08:56,824 - scraperService - INFO - Scraping details from https://gta.fandom.com/wiki/Caddy
2025-05-31 15:08:57,292 - scraperService - INFO - Extracted data for vehicle: Caddy
2025-05-31 15:08:58,298 - scraperService - INFO - Scraping details from https://gta.fandom.com/wiki/Caddy_(civilian)
2025-05-31 15:08:59,516 - scraperService - INFO - Extracted data for vehicle: Caddy
2025-05-31 15:09:00,521 - scraperService - INFO - Scraping details from https://gta.fandom.com/wiki/Docktug
2025-05-31 15:09:01,230 - scraperService - INFO - Extracted data for vehicle: Docktug
2025-05-31 15:09:02,236 - scraperService - INFO - Scraping details from https://gta.fandom.com/wiki/Fieldmaster
2025-05-31 15:09:02,903 - scraperService - INFO - Extracted data for vehicle: Fieldmaster
2025-05-31 15:09:03,908 - scraperService - INFO - Scraping details from https://gta.fandom.com/wiki/Fieldmaster_(snow)
2025-05-31 15:09:04,441 - scraperService - INFO - Extracted data for vehicle: Fieldmaster
2025-05-31 15:09:05,443 - scraperService - INFO - Scraping details from https://gta.fandom.com/wiki/Forklift_(HD_Universe)
2025-05-31 15:09:06,871 - scraperService - INFO - Extracted data for vehicle: Forklift
2025-05-31 15:09:07,876 - scraperService - INFO - Scraping details from https://gta.fandom.com/wiki/Lawn_Mower
2025-05-31 15:09:08,746 - scraperService - INFO - Extracted data for vehicle: Lawn Mower
2025-05-31 15:09:09,748 - scraperService - INFO - Scraping details from https://gta.fandom.com/wiki/Ripley
2025-05-31 15:09:10,940 - scraperService - INFO - Extracted data for vehicle: Ripley
2025-05-31 15:09:11,947 - scraperService - INFO - Scraping details from https://gta.fandom.com/wiki/Sadler
2025-05-31 15:09:12,869 - scraperService - INFO - Extracted data for vehicle: Sadler
2025-05-31 15:09:13,875 - scraperService - INFO - Scraping details from https://gta.fandom.com/wiki/Sadler_(snow)
2025-05-31 15:09:15,442 - scraperService - INFO - Extracted data for vehicle: Sadler (snow)
2025-05-31 15:09:16,447 - scraperService - INFO - Scraping details from https://gta.fandom.com/wiki/Scrap_Truck
2025-05-31 15:09:17,719 - scraperService - INFO - Extracted data for vehicle: Scrap Truck
2025-05-31 15:09:18,725 - scraperService - INFO - Scraping details from https://gta.fandom.com/wiki/Towtruck_(Yankee-based)
2025-05-31 15:09:19,360 - scraperService - INFO - Extracted data for vehicle: Tow Truck
2025-05-31 15:09:20,365 - scraperService - INFO - Scraping details from https://gta.fandom.com/wiki/Tow_Truck
2025-05-31 15:09:21,703 - scraperService - INFO - Extracted data for vehicle: Tow Truck
2025-05-31 15:09:22,708 - scraperService - INFO - Scraping details from https://gta.fandom.com/wiki/Tractor
2025-05-31 15:09:23,077 - scraperService - INFO - Extracted data for vehicle: Tractor
2025-05-31 15:09:24,082 - scraperService - INFO - Scraping details from https://gta.fandom.com/wiki/Utility_Truck
2025-05-31 15:09:24,486 - scraperService - INFO - Extracted data for vehicle: Utility Truck
2025-05-31 15:09:25,491 - scraperService - INFO - Scraping details from https://gta.fandom.com/wiki/Utility_Truck_(AWP)
2025-05-31 15:09:26,039 - scraperService - INFO - Extracted data for vehicle: Utility Truck
2025-05-31 15:09:27,045 - scraperService - INFO - Scraping details from https://gta.fandom.com/wiki/Utility_Truck_(Contender-based)
2025-05-31 15:09:27,744 - scraperService - INFO - Extracted data for vehicle: Utility Truck
2025-05-31 15:09:28,750 - scraperService - INFO - Scraping details from https://gta.fandom.com#cite_note-2
2025-05-31 15:09:29,885 - scraperService - INFO - Extracted data for vehicle: [2]
2025-05-31 15:09:30,890 - scraperService - INFO - Scraping details from https://gta.fandom.com/wiki/Army_Trailer
2025-05-31 15:09:31,299 - scraperService - INFO - Extracted data for vehicle: Army Trailer
2025-05-31 15:09:32,304 - scraperService - INFO - Scraping details from https://gta.fandom.com#cite_note-3
2025-05-31 15:09:32,952 - scraperService - INFO - Extracted data for vehicle: [3]
2025-05-31 15:09:33,957 - scraperService - INFO - Scraping details from https://gta.fandom.com/wiki/Army_Trailer_(tanker)
2025-05-31 15:09:34,850 - scraperService - INFO - Extracted data for vehicle: Army Trailer
2025-05-31 15:09:35,856 - scraperService - INFO - Scraping details from https://gta.fandom.com/wiki/Baletrailer
2025-05-31 15:09:36,390 - scraperService - INFO - Extracted data for vehicle: Baletrailer
2025-05-31 15:09:37,395 - scraperService - INFO - Scraping details from https://gta.fandom.com/wiki/Boat_Trailer
2025-05-31 15:09:38,076 - scraperService - INFO - Extracted data for vehicle: Boat Trailer
2025-05-31 15:09:39,081 - scraperService - INFO - Scraping details from https://gta.fandom.com/wiki/Dock_Trailer
2025-05-31 15:09:40,319 - scraperService - INFO - Extracted data for vehicle: Dock Trailer
2025-05-31 15:09:41,325 - scraperService - INFO - Scraping details from https://gta.fandom.com#cite_note-4
2025-05-31 15:09:41,595 - scraperService - INFO - Extracted data for vehicle: [4]
2025-05-31 15:09:42,601 - scraperService - INFO - Scraping details from https://gta.fandom.com/wiki/Graintrailer
2025-05-31 15:09:42,976 - scraperService - INFO - Extracted data for vehicle: Graintrailer
2025-05-31 15:09:43,981 - scraperService - INFO - Scraping details from https://gta.fandom.com/wiki/Prop_Trailer
2025-05-31 15:09:44,587 - scraperService - INFO - Extracted data for vehicle: Prop Trailer
2025-05-31 15:09:45,592 - scraperService - INFO - Scraping details from https://gta.fandom.com/wiki/Trailer_(boat)
2025-05-31 15:09:46,162 - scraperService - INFO - Extracted data for vehicle: Trailer (boat)
2025-05-31 15:09:47,168 - scraperService - INFO - Scraping details from https://gta.fandom.com/wiki/Trailer_(car_carrier)
2025-05-31 15:09:48,529 - scraperService - INFO - Extracted data for vehicle: Trailer
2025-05-31 15:09:49,534 - scraperService - INFO - Scraping details from https://gta.fandom.com/wiki/Trailer_(flatbed)
2025-05-31 15:09:50,927 - scraperService - INFO - Extracted data for vehicle: Trailer
2025-05-31 15:09:51,933 - scraperService - INFO - Scraping details from https://gta.fandom.com/wiki/Trailer_(container)
2025-05-31 15:09:52,624 - scraperService - INFO - Extracted data for vehicle: Trailer
2025-05-31 15:09:53,629 - scraperService - INFO - Scraping details from https://gta.fandom.com/wiki/Trailer_(box)
2025-05-31 15:09:54,295 - scraperService - INFO - Extracted data for vehicle: Trailer
2025-05-31 15:09:55,300 - scraperService - INFO - Scraping details from https://gta.fandom.com/wiki/Trailer_(ramp-door)
2025-05-31 15:09:56,614 - scraperService - INFO - Extracted data for vehicle: Trailer
2025-05-31 15:09:57,620 - scraperService - INFO - Scraping details from https://gta.fandom.com/wiki/Trailer_(Fame_or_Shame)
2025-05-31 15:09:58,249 - scraperService - INFO - Extracted data for vehicle: Trailer
2025-05-31 15:09:59,254 - scraperService - INFO - Scraping details from https://gta.fandom.com/wiki/Trailer_(logs)
2025-05-31 15:10:00,140 - scraperService - INFO - Extracted data for vehicle: Trailer
2025-05-31 15:10:01,145 - scraperService - INFO - Scraping details from https://gta.fandom.com/wiki/Trailer_(rake)
2025-05-31 15:10:02,150 - scraperService - INFO - Extracted data for vehicle: Trailer
2025-05-31 15:10:03,156 - scraperService - INFO - Scraping details from https://gta.fandom.com/wiki/Trailer_(small)
2025-05-31 15:10:04,536 - scraperService - INFO - Extracted data for vehicle: Trailer
2025-05-31 15:10:05,542 - scraperService - INFO - Scraping details from https://gta.fandom.com/wiki/Trailer_(tanker)
2025-05-31 15:10:06,353 - scraperService - INFO - Extracted data for vehicle: Trailer
2025-05-31 15:10:07,358 - scraperService - INFO - Scraping details from https://gta.fandom.com/wiki/Cutter
2025-05-31 15:10:08,136 - scraperService - INFO - Extracted data for vehicle: Cutter
2025-05-31 15:10:09,141 - scraperService - INFO - Scraping details from https://gta.fandom.com/wiki/Dock_Handler
2025-05-31 15:10:09,830 - scraperService - INFO - Extracted data for vehicle: Dock Handler
2025-05-31 15:10:10,835 - scraperService - INFO - Scraping details from https://gta.fandom.com/wiki/Dozer
2025-05-31 15:10:11,416 - scraperService - INFO - Extracted data for vehicle: Dozer
2025-05-31 15:10:12,422 - scraperService - INFO - Scraping details from https://gta.fandom.com/wiki/Dump
2025-05-31 15:10:13,695 - scraperService - INFO - Extracted data for vehicle: Dump
2025-05-31 15:10:14,701 - scraperService - INFO - Scraping details from https://gta.fandom.com/wiki/Flatbed
2025-05-31 15:10:15,191 - scraperService - INFO - Extracted data for vehicle: Flatbed
2025-05-31 15:10:16,196 - scraperService - INFO - Scraping details from https://gta.fandom.com/wiki/Mixer_(4-axle)
2025-05-31 15:10:17,634 - scraperService - INFO - Extracted data for vehicle: Mixer
2025-05-31 15:10:18,640 - scraperService - INFO - Scraping details from https://gta.fandom.com/wiki/Rubble
2025-05-31 15:10:19,291 - scraperService - INFO - Extracted data for vehicle: Rubble
2025-05-31 15:10:20,296 - scraperService - INFO - Scraping details from https://gta.fandom.com/wiki/Tipper_(3-axle)
2025-05-31 15:10:20,731 - scraperService - INFO - Extracted data for vehicle: Tipper
2025-05-31 15:10:21,737 - scraperService - INFO - Scraping details from https://gta.fandom.com/wiki/Airport_Bus
2025-05-31 15:10:22,573 - scraperService - INFO - Extracted data for vehicle: Airport Bus
2025-05-31 15:10:23,578 - scraperService - INFO - Scraping details from https://gta.fandom.com/wiki/Bus_(HD_Universe)
2025-05-31 15:10:24,346 - scraperService - INFO - Extracted data for vehicle: Bus
2025-05-31 15:10:25,352 - scraperService - INFO - Scraping details from https://gta.fandom.com/wiki/Dashound
2025-05-31 15:10:25,730 - scraperService - INFO - Extracted data for vehicle: Dashound
2025-05-31 15:10:26,735 - scraperService - INFO - Scraping details from https://gta.fandom.com/wiki/Rental_Shuttle_Bus
2025-05-31 15:10:27,246 - scraperService - INFO - Extracted data for vehicle: Rental Shuttle Bus
2025-05-31 15:10:28,251 - scraperService - INFO - Scraping details from https://gta.fandom.com/wiki/Taxi
2025-05-31 15:10:28,890 - scraperService - INFO - Extracted data for vehicle: Taxi
2025-05-31 15:10:29,895 - scraperService - INFO - Scraping details from https://gta.fandom.com/wiki/Tour_Bus
2025-05-31 15:10:30,582 - scraperService - INFO - Extracted data for vehicle: Tour Bus
2025-05-31 15:10:31,587 - scraperService - INFO - Scraping details from https://gta.fandom.com/wiki/Trashmaster
2025-05-31 15:10:33,355 - scraperService - INFO - Extracted data for vehicle: Trashmaster
2025-05-31 15:10:34,360 - scraperService - INFO - Scraping details from https://gta.fandom.com/wiki/Benson_(HD_Universe)
2025-05-31 15:10:36,035 - scraperService - INFO - Extracted data for vehicle: Benson
2025-05-31 15:10:37,040 - scraperService - INFO - Scraping details from https://gta.fandom.com/wiki/Biff
2025-05-31 15:10:37,974 - scraperService - INFO - Extracted data for vehicle: Biff
2025-05-31 15:10:38,979 - scraperService - INFO - Scraping details from https://gta.fandom.com/wiki/Hauler
2025-05-31 15:10:39,422 - scraperService - INFO - Extracted data for vehicle: Hauler
2025-05-31 15:10:40,427 - scraperService - INFO - Scraping details from https://gta.fandom.com/wiki/Mule
2025-05-31 15:10:41,111 - scraperService - INFO - Extracted data for vehicle: Mule
2025-05-31 15:10:42,117 - scraperService - INFO - Scraping details from https://gta.fandom.com/wiki/Packer
2025-05-31 15:10:43,127 - scraperService - INFO - Extracted data for vehicle: Packer
2025-05-31 15:10:44,133 - scraperService - INFO - Scraping details from https://gta.fandom.com/wiki/Phantom
2025-05-31 15:10:44,822 - scraperService - INFO - Extracted data for vehicle: Phantom
2025-05-31 15:10:45,828 - scraperService - INFO - Scraping details from https://gta.fandom.com/wiki/Pounder
2025-05-31 15:10:55,041 - scraperService - INFO - Extracted data for vehicle: Pounder
2025-05-31 15:10:56,047 - scraperService - INFO - Scraping details from https://gta.fandom.com/wiki/Securicar_(HD_Universe)
2025-05-31 15:10:57,584 - scraperService - INFO - Extracted data for vehicle: Stockade
2025-05-31 15:10:58,590 - scraperService - INFO - Scraping details from https://gta.fandom.com/wiki/Stockade_(snow)
2025-05-31 15:10:59,780 - scraperService - INFO - Extracted data for vehicle: Stockade
2025-05-31 15:11:00,786 - scraperService - INFO - Scraping details from https://gta.fandom.com/wiki/Ambulance_(HD_Universe)
2025-05-31 15:11:01,473 - scraperService - INFO - Extracted data for vehicle: Ambulance
2025-05-31 15:11:02,478 - scraperService - INFO - Scraping details from https://gta.fandom.com/wiki/FIB_Buffalo
2025-05-31 15:11:03,950 - scraperService - INFO - Extracted data for vehicle: FIB
2025-05-31 15:11:04,956 - scraperService - INFO - Scraping details from https://gta.fandom.com#cite_note-5
2025-05-31 15:11:05,214 - scraperService - INFO - Extracted data for vehicle: [5]
2025-05-31 15:11:06,220 - scraperService - INFO - Scraping details from https://gta.fandom.com#cite_note-6
2025-05-31 15:11:06,443 - scraperService - INFO - Extracted data for vehicle: [6]
2025-05-31 15:11:07,449 - scraperService - INFO - Scraping details from https://gta.fandom.com/wiki/FIB_(vehicle)
2025-05-31 15:11:08,029 - scraperService - INFO - Extracted data for vehicle: FIB
2025-05-31 15:11:09,034 - scraperService - INFO - Scraping details from https://gta.fandom.com/wiki/Fire_Truck_(HD_Universe)
2025-05-31 15:11:09,865 - scraperService - INFO - Extracted data for vehicle: Fire Truck
2025-05-31 15:11:10,870 - scraperService - INFO - Scraping details from https://gta.fandom.com/wiki/Lifeguard
2025-05-31 15:11:11,701 - scraperService - INFO - Extracted data for vehicle: Lifeguard
2025-05-31 15:11:12,706 - scraperService - INFO - Scraping details from https://gta.fandom.com/wiki/Park_Ranger
2025-05-31 15:11:14,054 - scraperService - INFO - Extracted data for vehicle: Park Ranger
2025-05-31 15:11:15,060 - scraperService - INFO - Scraping details from https://gta.fandom.com/wiki/Police_Bike
2025-05-31 15:11:15,471 - scraperService - INFO - Extracted data for vehicle: Police Bike
2025-05-31 15:11:16,477 - scraperService - INFO - Scraping details from https://gta.fandom.com/wiki/Police_Cruiser
2025-05-31 15:11:17,082 - scraperService - INFO - Extracted data for vehicle: Police Cruiser
2025-05-31 15:11:18,087 - scraperService - INFO - Scraping details from https://gta.fandom.com/wiki/Police_Cruiser_(Buffalo)
2025-05-31 15:11:19,558 - scraperService - INFO - Extracted data for vehicle: Police Cruiser
2025-05-31 15:11:20,564 - scraperService - INFO - Scraping details from https://gta.fandom.com#cite_note-7
2025-05-31 15:11:21,286 - scraperService - INFO - Extracted data for vehicle: [7]
2025-05-31 15:11:22,291 - scraperService - INFO - Scraping details from https://gta.fandom.com/wiki/Police_Cruiser_(interceptor)
2025-05-31 15:11:23,634 - scraperService - INFO - Extracted data for vehicle: Police Cruiser
2025-05-31 15:11:24,639 - scraperService - INFO - Scraping details from https://gta.fandom.com#cite_note-8
2025-05-31 15:11:24,866 - scraperService - INFO - Extracted data for vehicle: [8]
2025-05-31 15:11:25,871 - scraperService - INFO - Scraping details from https://gta.fandom.com/wiki/Police_Maverick_(HD_Universe)
2025-05-31 15:11:26,810 - scraperService - INFO - Extracted data for vehicle: Police Maverick
2025-05-31 15:11:27,816 - scraperService - INFO - Scraping details from https://gta.fandom.com/wiki/Police_Rancher
2025-05-31 15:11:28,931 - scraperService - INFO - Extracted data for vehicle: Police Rancher
2025-05-31 15:11:29,934 - scraperService - INFO - Scraping details from https://gta.fandom.com/wiki/Police_Riot
2025-05-31 15:11:30,826 - scraperService - INFO - Extracted data for vehicle: Police Riot
2025-05-31 15:11:31,829 - scraperService - INFO - Scraping details from https://gta.fandom.com/wiki/Police_Roadcruiser
2025-05-31 15:11:32,739 - scraperService - INFO - Extracted data for vehicle: Police Roadcruiser
2025-05-31 15:11:33,744 - scraperService - INFO - Scraping details from https://gta.fandom.com/wiki/Police_Transporter
2025-05-31 15:11:34,105 - scraperService - INFO - Extracted data for vehicle: Police Transporter
2025-05-31 15:11:35,111 - scraperService - INFO - Scraping details from https://gta.fandom.com/wiki/Prison_Bus
2025-05-31 15:11:35,958 - scraperService - INFO - Extracted data for vehicle: Police Prison Bus
2025-05-31 15:11:36,963 - scraperService - INFO - Scraping details from https://gta.fandom.com/wiki/Police_Predator
2025-05-31 15:11:37,824 - scraperService - INFO - Extracted data for vehicle: Police Predator
2025-05-31 15:11:38,829 - scraperService - INFO - Scraping details from https://gta.fandom.com/wiki/Sheriff_Cruiser
2025-05-31 15:11:40,233 - scraperService - INFO - Extracted data for vehicle: Sheriff Cruiser
2025-05-31 15:11:41,239 - scraperService - INFO - Scraping details from https://gta.fandom.com/wiki/Sheriff_SUV
2025-05-31 15:11:42,479 - scraperService - INFO - Extracted data for vehicle: Sheriff SUV
2025-05-31 15:11:43,484 - scraperService - INFO - Scraping details from https://gta.fandom.com/wiki/Unmarked_Cruiser
2025-05-31 15:11:44,936 - scraperService - INFO - Extracted data for vehicle: Unmarked Cruiser
2025-05-31 15:11:45,941 - scraperService - INFO - Scraping details from https://gta.fandom.com/wiki/Barracks
2025-05-31 15:11:47,006 - scraperService - INFO - Extracted data for vehicle: Barracks
2025-05-31 15:11:48,011 - scraperService - INFO - Scraping details from https://gta.fandom.com/wiki/Barracks_Semi
2025-05-31 15:11:48,655 - scraperService - INFO - Extracted data for vehicle: Barracks Semi
2025-05-31 15:11:49,660 - scraperService - INFO - Scraping details from https://gta.fandom.com/wiki/Crusader
2025-05-31 15:11:50,124 - scraperService - INFO - Extracted data for vehicle: Crusader
2025-05-31 15:11:51,129 - scraperService - INFO - Scraping details from https://gta.fandom.com/wiki/Rhino_Tank
2025-05-31 15:11:51,872 - scraperService - INFO - Extracted data for vehicle: Rhino Tank
2025-05-31 15:11:52,877 - scraperService - INFO - Scraping details from https://gta.fandom.com/wiki/Dinghy_(HD_Universe)
2025-05-31 15:11:53,741 - scraperService - INFO - Extracted data for vehicle: Dinghy
2025-05-31 15:11:54,746 - scraperService - INFO - Scraping details from https://gta.fandom.com/wiki/Dinghy_(2-seater)
2025-05-31 15:11:55,155 - scraperService - INFO - Extracted data for vehicle: Dinghy
2025-05-31 15:11:56,160 - scraperService - INFO - Scraping details from https://gta.fandom.com/wiki/Jetmax
2025-05-31 15:11:57,354 - scraperService - INFO - Extracted data for vehicle: Jetmax
2025-05-31 15:11:58,360 - scraperService - INFO - Scraping details from https://gta.fandom.com/wiki/Kraken
2025-05-31 15:11:58,846 - scraperService - INFO - Extracted data for vehicle: Kraken
2025-05-31 15:11:59,851 - scraperService - INFO - Scraping details from https://gta.fandom.com/wiki/Marquis
2025-05-31 15:12:00,380 - scraperService - INFO - Extracted data for vehicle: Marquis
2025-05-31 15:12:01,384 - scraperService - INFO - Scraping details from https://gta.fandom.com/wiki/Seashark
2025-05-31 15:12:02,290 - scraperService - INFO - Extracted data for vehicle: Seashark
2025-05-31 15:12:03,295 - scraperService - INFO - Scraping details from https://gta.fandom.com/wiki/Speeder_(boat)
2025-05-31 15:12:05,185 - scraperService - INFO - Extracted data for vehicle: Speeder
2025-05-31 15:12:06,190 - scraperService - INFO - Scraping details from https://gta.fandom.com/wiki/Beach_Bum_Update
2025-05-31 15:12:06,508 - scraperService - INFO - Extracted data for vehicle: DLC
2025-05-31 15:12:07,513 - scraperService - INFO - Scraping details from https://gta.fandom.com/wiki/Squalo
2025-05-31 15:12:08,386 - scraperService - INFO - Extracted data for vehicle: Squalo
2025-05-31 15:12:09,392 - scraperService - INFO - Scraping details from https://gta.fandom.com/wiki/Submersible
2025-05-31 15:12:10,472 - scraperService - INFO - Extracted data for vehicle: Submersible
2025-05-31 15:12:11,477 - scraperService - INFO - Scraping details from https://gta.fandom.com/wiki/Suntrap
2025-05-31 15:12:12,851 - scraperService - INFO - Extracted data for vehicle: Suntrap
2025-05-31 15:12:13,856 - scraperService - INFO - Scraping details from https://gta.fandom.com/wiki/Toro
2025-05-31 15:12:15,258 - scraperService - INFO - Extracted data for vehicle: Toro
2025-05-31 15:12:16,263 - scraperService - INFO - Scraping details from https://gta.fandom.com/wiki/Ill-Gotten_Gains_Part_1
2025-05-31 15:12:16,415 - scraperService - INFO - Extracted data for vehicle: DLC
2025-05-31 15:12:17,420 - scraperService - INFO - Scraping details from https://gta.fandom.com/wiki/Tropic
2025-05-31 15:12:19,353 - scraperService - INFO - Extracted data for vehicle: Tropic
2025-05-31 15:12:20,358 - scraperService - INFO - Scraping details from https://gta.fandom.com/wiki/Atomic_Blimp
2025-05-31 15:12:20,988 - scraperService - INFO - Extracted data for vehicle: Atomic Blimp
2025-05-31 15:12:21,993 - scraperService - INFO - Scraping details from https://gta.fandom.com/wiki/Besra
2025-05-31 15:12:22,517 - scraperService - INFO - Extracted data for vehicle: Besra
2025-05-31 15:12:23,521 - scraperService - INFO - Scraping details from https://gta.fandom.com/wiki/The_San_Andreas_Flight_School_Update
2025-05-31 15:12:24,208 - scraperService - INFO - Extracted data for vehicle: DLC
2025-05-31 15:12:25,213 - scraperService - INFO - Scraping details from https://gta.fandom.com/wiki/Cargo_Plane
2025-05-31 15:12:26,679 - scraperService - INFO - Extracted data for vehicle: Cargo Plane
2025-05-31 15:12:27,684 - scraperService - INFO - Scraping details from https://gta.fandom.com/wiki/Cuban_800
2025-05-31 15:12:28,287 - scraperService - INFO - Extracted data for vehicle: Cuban 800
2025-05-31 15:12:29,293 - scraperService - INFO - Scraping details from https://gta.fandom.com/wiki/Dodo_(HD_Universe)
2025-05-31 15:12:30,295 - scraperService - INFO - Extracted data for vehicle: Dodo
2025-05-31 15:12:31,300 - scraperService - INFO - Scraping details from https://gta.fandom.com/wiki/Duster
2025-05-31 15:12:32,065 - scraperService - INFO - Extracted data for vehicle: Duster
2025-05-31 15:12:33,070 - scraperService - INFO - Scraping details from https://gta.fandom.com/wiki/Jet
2025-05-31 15:12:33,876 - scraperService - INFO - Extracted data for vehicle: Jet
2025-05-31 15:12:34,881 - scraperService - INFO - Scraping details from https://gta.fandom.com/wiki/Luxor
2025-05-31 15:12:35,644 - scraperService - INFO - Extracted data for vehicle: Luxor
2025-05-31 15:12:36,649 - scraperService - INFO - Scraping details from https://gta.fandom.com/wiki/Luxor_Deluxe
2025-05-31 15:12:37,892 - scraperService - INFO - Extracted data for vehicle: Luxor Deluxe
2025-05-31 15:12:38,897 - scraperService - INFO - Scraping details from https://gta.fandom.com/wiki/Ill-Gotten_Gains_Part_1
2025-05-31 15:12:39,054 - scraperService - INFO - Extracted data for vehicle: DLC
2025-05-31 15:12:40,059 - scraperService - INFO - Scraping details from https://gta.fandom.com/wiki/Mallard
2025-05-31 15:12:41,337 - scraperService - INFO - Extracted data for vehicle: Mallard
2025-05-31 15:12:42,343 - scraperService - INFO - Scraping details from https://gta.fandom.com/wiki/Mammatus
2025-05-31 15:12:43,698 - scraperService - INFO - Extracted data for vehicle: Mammatus
2025-05-31 15:12:44,703 - scraperService - INFO - Scraping details from https://gta.fandom.com/wiki/Miljet
2025-05-31 15:12:45,582 - scraperService - INFO - Extracted data for vehicle: Miljet
2025-05-31 15:12:46,587 - scraperService - INFO - Scraping details from https://gta.fandom.com/wiki/The_San_Andreas_Flight_School_Update
2025-05-31 15:12:46,772 - scraperService - INFO - Extracted data for vehicle: DLC
2025-05-31 15:12:47,777 - scraperService - INFO - Scraping details from https://gta.fandom.com/wiki/P-996_LAZER
2025-05-31 15:12:48,471 - scraperService - INFO - Extracted data for vehicle: P-996 LAZER
2025-05-31 15:12:49,477 - scraperService - INFO - Scraping details from https://gta.fandom.com/wiki/Shamal
2025-05-31 15:12:49,895 - scraperService - INFO - Extracted data for vehicle: Shamal
2025-05-31 15:12:50,900 - scraperService - INFO - Scraping details from https://gta.fandom.com/wiki/Titan
2025-05-31 15:12:51,280 - scraperService - INFO - Extracted data for vehicle: Titan
2025-05-31 15:12:52,285 - scraperService - INFO - Scraping details from https://gta.fandom.com/wiki/Velum
2025-05-31 15:12:52,981 - scraperService - INFO - Extracted data for vehicle: Velum
2025-05-31 15:12:53,986 - scraperService - INFO - Scraping details from https://gta.fandom.com/wiki/Vestra
2025-05-31 15:12:54,596 - scraperService - INFO - Extracted data for vehicle: Vestra
2025-05-31 15:12:55,601 - scraperService - INFO - Scraping details from https://gta.fandom.com/wiki/The_Business_Update
2025-05-31 15:12:55,790 - scraperService - INFO - Extracted data for vehicle: DLC
2025-05-31 15:12:56,795 - scraperService - INFO - Scraping details from https://gta.fandom.com/wiki/Xero_Blimp
2025-05-31 15:12:57,306 - scraperService - INFO - Extracted data for vehicle: Xero Blimp
2025-05-31 15:12:58,312 - scraperService - INFO - Scraping details from https://gta.fandom.com/wiki/Buzzard
2025-05-31 15:12:58,899 - scraperService - INFO - Extracted data for vehicle: Buzzard
2025-05-31 15:12:59,904 - scraperService - INFO - Scraping details from https://gta.fandom.com/wiki/Buzzard_Attack_Chopper
2025-05-31 15:13:01,750 - scraperService - INFO - Extracted data for vehicle: Buzzard Attack Chopper
2025-05-31 15:13:02,756 - scraperService - INFO - Scraping details from https://gta.fandom.com/wiki/Cargobob
2025-05-31 15:13:03,214 - scraperService - INFO - Extracted data for vehicle: Cargobob
2025-05-31 15:13:04,219 - scraperService - INFO - Scraping details from https://gta.fandom.com/wiki/Frogger
2025-05-31 15:13:05,612 - scraperService - INFO - Extracted data for vehicle: Frogger
2025-05-31 15:13:06,617 - scraperService - INFO - Scraping details from https://gta.fandom.com/wiki/Frogger_(TPE)
2025-05-31 15:13:07,044 - scraperService - INFO - Extracted data for vehicle: Frogger
2025-05-31 15:13:08,049 - scraperService - INFO - Scraping details from https://gta.fandom.com/wiki/Maverick_(HD_Universe)
2025-05-31 15:13:10,000 - scraperService - INFO - Extracted data for vehicle: Maverick
2025-05-31 15:13:11,005 - scraperService - INFO - Scraping details from https://gta.fandom.com/wiki/Skylift
2025-05-31 15:13:11,459 - scraperService - INFO - Extracted data for vehicle: Skylift
2025-05-31 15:13:12,464 - scraperService - INFO - Scraping details from https://gta.fandom.com/wiki/Swift
2025-05-31 15:13:13,976 - scraperService - INFO - Extracted data for vehicle: Swift
2025-05-31 15:13:14,981 - scraperService - INFO - Scraping details from https://gta.fandom.com/wiki/The_San_Andreas_Flight_School_Update
2025-05-31 15:13:15,567 - scraperService - INFO - Extracted data for vehicle: DLC
2025-05-31 15:13:16,572 - scraperService - INFO - Scraping details from https://gta.fandom.com/wiki/Swift_Deluxe
2025-05-31 15:13:17,037 - scraperService - INFO - Extracted data for vehicle: Swift Deluxe
2025-05-31 15:13:18,042 - scraperService - INFO - Scraping details from https://gta.fandom.com/wiki/Ill-Gotten_Gains_Part_1
2025-05-31 15:13:18,214 - scraperService - INFO - Extracted data for vehicle: DLC
2025-05-31 15:13:19,219 - scraperService - INFO - Scraping details from https://gta.fandom.com/wiki/Cablecar
2025-05-31 15:13:20,285 - scraperService - INFO - Extracted data for vehicle: Cable Car
2025-05-31 15:13:21,290 - scraperService - INFO - Scraping details from https://gta.fandom.com/wiki/Freight_Train
2025-05-31 15:13:22,061 - scraperService - INFO - Extracted data for vehicle: Freight Train
2025-05-31 15:13:23,067 - scraperService - INFO - Scraping details from https://gta.fandom.com/wiki/Freight_Train_(wellcar)
2025-05-31 15:13:24,322 - scraperService - INFO - Extracted data for vehicle: Freight Train
2025-05-31 15:13:25,327 - scraperService - INFO - Scraping details from https://gta.fandom.com/wiki/Freight_Train_(wellcar)
2025-05-31 15:13:25,943 - scraperService - INFO - Extracted data for vehicle: Freight Train
2025-05-31 15:13:26,948 - scraperService - INFO - Scraping details from https://gta.fandom.com/wiki/Freight_Train_(wellcar)
2025-05-31 15:13:27,603 - scraperService - INFO - Extracted data for vehicle: Freight Train
2025-05-31 15:13:28,609 - scraperService - INFO - Scraping details from https://gta.fandom.com/wiki/Freight_Train_(boxcar)
2025-05-31 15:13:29,921 - scraperService - INFO - Extracted data for vehicle: Freight Train
2025-05-31 15:13:30,926 - scraperService - INFO - Scraping details from https://gta.fandom.com/wiki/Freight_Train_(tanker)
2025-05-31 15:13:32,282 - scraperService - INFO - Extracted data for vehicle: Freight Train
2025-05-31 15:13:33,284 - scraperService - INFO - Scraping details from https://gta.fandom.com/wiki/Metrotrain
2025-05-31 15:13:33,953 - scraperService - INFO - Extracted data for vehicle: Metrotrain
2025-05-31 15:13:34,958 - scraperService - INFO - Successfully scraped 393 vehicles from GTA Wiki
2025-05-31 15:13:34,961 - scraperService - INFO - Total unique vehicles scraped: 393
2025-05-31 15:13:34,961 - __main__ - INFO - Scraped 393 raw vehicle records
2025-05-31 15:13:34,967 - __main__ - INFO - Successfully processed 393 out of 393 vehicles
2025-05-31 15:13:34,967 - __main__ - INFO - Dry run mode: Not saving to database
2025-05-31 15:13:34,968 - __main__ - INFO - Example vehicle: 9F by Obey
2025-05-31 15:13:34,968 - __main__ - INFO - Example vehicle: 9F Cabrio by Obey
2025-05-31 15:13:34,968 - __main__ - INFO - Example vehicle: Alpha by Unknown
2025-05-31 15:13:34,968 - __main__ - INFO - Example vehicle: The Business Update by Unknown
2025-05-31 15:13:34,968 - __main__ - INFO - Example vehicle: Banshee by Unknown
2025-05-31 15:13:34,968 - __main__ - INFO - GTA5 vehicles scraperService completed successfully
